

CmdLine:	C:\Users\Mark\Documents\Java\Tetris\Tetris.exe --l4j-debug
WOW64:		yes
Check launcher:	 (n/a)
64-bit search:	SOFTWARE\JavaSoft\Java Runtime Environment...
Match:		SOFTWARE\JavaSoft\Java Runtime Environment\1.8
Match:		SOFTWARE\JavaSoft\Java Runtime Environment\1.8.0_25
Using 64-bit runtime.
64-bit search:	SOFTWARE\JavaSoft\Java Development Kit...
Ignore:		SOFTWARE\JavaSoft\Java Development Kit\1.7
Ignore:		SOFTWARE\JavaSoft\Java Development Kit\1.7.0_21
Ignore:		SOFTWARE\JavaSoft\Java Development Kit\1.8
Ignore:		SOFTWARE\JavaSoft\Java Development Kit\1.8.0_05
Ignore:		SOFTWARE\JavaSoft\Java Development Kit\1.8.0_25
Using 64-bit runtime.
Check launcher:	C:\Program Files\Java\jre1.8.0_25\bin\javaw.exe (OK)
Launcher:	C:\Program Files\Java\jre1.8.0_25\bin\javaw.exe
Launcher args:	-jar "C:\Users\Mark\Documents\Java\Tetris\Tetris.exe"
Args length:	53/32768 chars
Exit code:	0


CmdLine:	C:\Users\Mark\Documents\Java\Tetris\Tetris.exe --l4j-debug
WOW64:		yes
Check launcher:	 (n/a)
64-bit search:	SOFTWARE\JavaSoft\Java Runtime Environment...
Match:		SOFTWARE\JavaSoft\Java Runtime Environment\1.8
Match:		SOFTWARE\JavaSoft\Java Runtime Environment\1.8.0_25
Using 64-bit runtime.
64-bit search:	SOFTWARE\JavaSoft\Java Development Kit...
Ignore:		SOFTWARE\JavaSoft\Java Development Kit\1.7
Ignore:		SOFTWARE\JavaSoft\Java Development Kit\1.7.0_21
Ignore:		SOFTWARE\JavaSoft\Java Development Kit\1.8
Ignore:		SOFTWARE\JavaSoft\Java Development Kit\1.8.0_05
Ignore:		SOFTWARE\JavaSoft\Java Development Kit\1.8.0_25
Using 64-bit runtime.
Check launcher:	C:\Program Files\Java\jre1.8.0_25\bin\javaw.exe (OK)
Launcher:	C:\Program Files\Java\jre1.8.0_25\bin\javaw.exe
Launcher args:	-jar "C:\Users\Mark\Documents\Java\Tetris\Tetris.exe"
Args length:	53/32768 chars
Exit code:	0
